<?xml version="1.0" encoding="UTF-8"?>
<!-- Generated by org.testng.reporters.JUnitXMLReporter -->
<testsuite ignored="0" hostname="LAPTOP-9NE0LV8V" failures="0" tests="12" name="ti nin" time="148.257" errors="0" timestamp="2024-01-07T23:58:18 IST">
  <testcase classname="com.tutninja.qa.testcases.Register" name="verifyregisterusingaccountwithmandatoryfields" time="1.843"/>
  <testcase classname="com.tutninja.qa.testcases.Register" name="verifyaccountwithallfields" time="2.114"/>
  <testcase classname="com.tutninja.qa.testcases.Register" name="verifyregisteringaccountwithexistingemailaddress" time="1.625"/>
  <testcase classname="com.tutninja.qa.testcases.Register" name="verifyregisteringaccountwithoutprovidinganydetails" time="0.557"/>
  <testcase classname="com.tutninja.qa.testcases.Login" name="verifyloginwithvalidcredentials" time="0.956"/>
  <testcase classname="com.tutninja.qa.testcases.Login" name="verifyloginwithInvalidcredentials" time="1.011"/>
  <testcase classname="com.tutninja.qa.testcases.Login" name="verifyloginwithInvalidusernamevalidpassword" time="1.198"/>
  <testcase classname="com.tutninja.qa.testcases.Login" name="verifyloginwithvalidusernameInvalidpassword" time="1.203"/>
  <testcase classname="com.tutninja.qa.testcases.Login" name="verifyloginwithoutcredentials" time="1.011"/>
  <testcase classname="com.tutninja.qa.testcases.Search" name="verifysearchwithvalidproduct" time="0.982"/>
  <testcase classname="com.tutninja.qa.testcases.Search" name="verifysearchwithinvalidproduct" time="1.802"/>
  <testcase classname="com.tutninja.qa.testcases.Search" name="searchwithoutanyproduct" time="1.529"/>
</testsuite> <!-- ti nin -->
