<?xml version="1.0" encoding="UTF-8"?>
<!-- Generated by org.testng.reporters.JUnitXMLReporter -->
<testsuite ignored="2" hostname="LAPTOP-9NE0LV8V" failures="0" tests="1" name="Default test" time="33.392" errors="0" timestamp="2024-01-08T11:06:30 IST">
  <testcase classname="com.tutninja.qa.testcases.Search" name="verifysearchwithvalidproduct" time="0.718"/>
  <testcase classname="com.tutninja.qa.testcases.Search" name="verifysearchwithinvalidproduct" time="0.0">
    <ignored/>
  </testcase> <!-- verifysearchwithinvalidproduct -->
  <testcase classname="com.tutninja.qa.testcases.Search" name="searchwithoutanyproduct" time="0.0">
    <ignored/>
  </testcase> <!-- searchwithoutanyproduct -->
</testsuite> <!-- Default test -->
