<?xml version="1.0" encoding="UTF-8"?>
<testng-results ignored="2" total="3" passed="1" failed="0" skipped="0">
  <reporter-output>
  </reporter-output>
  <suite started-at="2024-01-08T11:05:56 IST" name="Default suite" finished-at="2024-01-08T11:06:30 IST" duration-ms="33392">
    <groups>
    </groups>
    <test started-at="2024-01-08T11:05:56 IST" name="Default test" finished-at="2024-01-08T11:06:30 IST" duration-ms="33392">
      <class name="com.tutninja.qa.testcases.Search">
        <test-method is-config="true" signature="setup()[pri:0, instance:com.tutninja.qa.testcases.Search@26e356f0]" started-at="2024-01-08T11:05:56 IST" name="setup" finished-at="2024-01-08T11:06:28 IST" duration-ms="31861" status="PASS">
          <reporter-output>
          </reporter-output>
        </test-method> <!-- setup -->
        <test-method signature="verifysearchwithvalidproduct()[pri:1, instance:com.tutninja.qa.testcases.Search@26e356f0]" started-at="2024-01-08T11:06:28 IST" name="verifysearchwithvalidproduct" finished-at="2024-01-08T11:06:29 IST" duration-ms="718" status="PASS">
          <reporter-output>
          </reporter-output>
        </test-method> <!-- verifysearchwithvalidproduct -->
        <test-method is-config="true" signature="teardown()[pri:0, instance:com.tutninja.qa.testcases.Search@26e356f0]" started-at="2024-01-08T11:06:29 IST" name="teardown" finished-at="2024-01-08T11:06:30 IST" duration-ms="715" status="PASS">
          <reporter-output>
          </reporter-output>
        </test-method> <!-- teardown -->
      </class> <!-- com.tutninja.qa.testcases.Search -->
    </test> <!-- Default test -->
  </suite> <!-- Default suite -->
</testng-results>
